#
# There is insufficient memory for the Java Runtime Environment to continue.
# Native memory allocation (malloc) failed to allocate 1048576 bytes. Error detail: AllocateHeap
# Possible reasons:
#   The system is out of physical RAM or swap space
#   This process is running with CompressedOops enabled, and the Java Heap may be blocking the growth of the native heap
# Possible solutions:
#   Reduce memory load on the system
#   Increase physical memory or swap space
#   Check if swap backing store is full
#   Decrease Java heap size (-Xmx/-Xms)
#   Decrease number of Java threads
#   Decrease Java thread stack sizes (-Xss)
#   Set larger code cache with -XX:ReservedCodeCacheSize=
#   JVM is running with Unscaled Compressed Oops mode in which the Java heap is
#     placed in the first 4GB address space. The Java Heap base address is the
#     maximum limit for the native heap growth. Please use -XX:HeapBaseMinAddress
#     to set the Java Heap base and to place the Java Heap above 4GB virtual address.
# This output file may be truncated or incomplete.
#
#  Out of Memory Error (allocation.cpp:44), pid=259928, tid=24088
#
# JRE version: OpenJDK Runtime Environment Temurin-21.0.9+10 (21.0.9+10) (build 21.0.9+10-LTS)
# Java VM: OpenJDK 64-Bit Server VM Temurin-21.0.9+10 (21.0.9+10-LTS, mixed mode, sharing, tiered, compressed oops, compressed class ptrs, parallel gc, windows-amd64)
# No core dump will be written. Minidumps are not enabled by default on client versions of Windows
#

---------------  S U M M A R Y ------------

Command Line: --add-modules=ALL-SYSTEM --add-opens=java.base/java.util=ALL-UNNAMED --add-opens=java.base/java.lang=ALL-UNNAMED --add-opens=java.base/sun.nio.fs=ALL-UNNAMED -Declipse.application=org.eclipse.jdt.ls.core.id1 -Dosgi.bundles.defaultStartLevel=4 -Declipse.product=org.eclipse.jdt.ls.core.product -Djava.import.generatesMetadataFilesAtProjectRoot=false -DDetectVMInstallationsJob.disabled=true -Dfile.encoding=utf8 -XX:+UseParallelGC -XX:GCTimeRatio=4 -XX:AdaptiveSizePolicyWeight=90 -Dsun.zip.disableMemoryMapping=true -Xmx2G -Xms100m -Xlog:disable -javaagent:c:\Users\Sam\.vscode\extensions\redhat.java-1.50.0-win32-x64\lombok\lombok-1.18.39-4050.jar -XX:+HeapDumpOnOutOfMemoryError -XX:HeapDumpPath=c:\Users\Sam\AppData\Roaming\Code\User\workspaceStorage\666e61806362c649f3c65ff663b5aed7\redhat.java -Daether.dependencyCollector.impl=bf c:\Users\Sam\.vscode\extensions\redhat.java-1.50.0-win32-x64\server\plugins\org.eclipse.equinox.launcher_1.7.100.v20251111-0406.jar -configuration c:\Users\Sam\AppData\Roaming\Code\User\globalStorage\redhat.java\1.50.0\config_win -data c:\Users\Sam\AppData\Roaming\Code\User\workspaceStorage\666e61806362c649f3c65ff663b5aed7\redhat.java\jdt_ws --pipe=\\.\pipe\lsp-74b5863336dd385f180fa7d294e6ebb7-sock

Host: AMD Ryzen 7 6800H with Radeon Graphics         , 16 cores, 13G,  Windows 11 , 64 bit Build 26100 (10.0.26100.6725)
Time: Sat Nov 29 12:47:00 2025 elapsed time: 3321.558163 seconds (0d 0h 55m 21s)

---------------  T H R E A D  ---------------

Current thread (0x0000022f86b1b8a0):  JavaThread "Attach Listener" daemon [_thread_in_vm, id=24088, stack(0x000000ab83600000,0x000000ab83700000) (1024K)]

Stack: [0x000000ab83600000,0x000000ab83700000]
Native frames: (J=compiled Java code, j=interpreted, Vv=VM code, C=native code)
V  [jvm.dll+0x6d6e29]
V  [jvm.dll+0x8b4b76]
V  [jvm.dll+0x8b712e]
V  [jvm.dll+0x8b7813]
V  [jvm.dll+0x283d86]
V  [jvm.dll+0xc1277]
V  [jvm.dll+0x6d76d9]
V  [jvm.dll+0x133466]
V  [jvm.dll+0x3f7ea6]
V  [jvm.dll+0x85e9ad]
V  [jvm.dll+0x6d565d]
C  [ucrtbase.dll+0x37b0]
C  [KERNEL32.DLL+0x2e8d7]
C  [ntdll.dll+0x8c53c]


---------------  P R O C E S S  ---------------

Threads class SMR info:
_java_thread_list=0x0000022f8f698c60, length=67, elements={
0x0000022f2d2ee0c0, 0x0000022f4441dca0, 0x0000022f86b15f80, 0x0000022f86b1ac50,
0x0000022f86b1b8a0, 0x0000022f86b1da50, 0x0000022f86b23bf0, 0x0000022f86b2e4b0,
0x0000022f86b338e0, 0x0000022f86da3d50, 0x0000022f86e95860, 0x0000022f8d182b20,
0x0000022f8d195af0, 0x0000022f8d316ba0, 0x0000022f8d317230, 0x0000022f8d559dd0,
0x0000022f8d55a460, 0x0000022f8d55b810, 0x0000022f8d55bea0, 0x0000022f8d55aaf0,
0x0000022f8d55f320, 0x0000022f8d560d60, 0x0000022f8d55f9b0, 0x0000022f8d560040,
0x0000022f8d5606d0, 0x0000022f8e3c1ac0, 0x0000022f8e3c2150, 0x0000022f8e3c1430,
0x0000022f8e3c2e70, 0x0000022f8e3c0080, 0x0000022f8e3c3500, 0x0000022f8e3c0710,
0x0000022f8e3c27e0, 0x0000022f8e3c0da0, 0x0000022f920fd360, 0x0000022f920fc640,
0x0000022f920fe080, 0x0000022f920fbfb0, 0x0000022f920fe710, 0x0000022f920fd9f0,
0x0000022f90569410, 0x0000022f920fb920, 0x0000022f92101500, 0x0000022f920ff430,
0x0000022f900c0000, 0x0000022f900bd8a0, 0x0000022f900c13b0, 0x0000022f900c3480,
0x0000022f900c41a0, 0x0000022f90564550, 0x0000022f905679d0, 0x0000022f90566620,
0x0000022f900c20d0, 0x0000022f900c0690, 0x0000022f900bec50, 0x0000022f900c2760,
0x0000022f900bf2e0, 0x0000022f900bf970, 0x0000022f900c2df0, 0x0000022f900c4ec0,
0x0000022f900c3b10, 0x0000022f90566cb0, 0x0000022f90567340, 0x0000022f90564be0,
0x0000022f8d55c530, 0x0000022f8d55df70, 0x0000022f8d55ec90
}

Java Threads: ( => current thread )
  0x0000022f2d2ee0c0 JavaThread "main"                              [_thread_blocked, id=175948, stack(0x000000ab82f00000,0x000000ab83000000) (1024K)]
  0x0000022f4441dca0 JavaThread "Reference Handler"          daemon [_thread_blocked, id=93648, stack(0x000000ab83300000,0x000000ab83400000) (1024K)]
  0x0000022f86b15f80 JavaThread "Finalizer"                  daemon [_thread_blocked, id=161920, stack(0x000000ab83400000,0x000000ab83500000) (1024K)]
  0x0000022f86b1ac50 JavaThread "Signal Dispatcher"          daemon [_thread_blocked, id=234356, stack(0x000000ab83500000,0x000000ab83600000) (1024K)]
=>0x0000022f86b1b8a0 JavaThread "Attach Listener"            daemon [_thread_in_vm, id=24088, stack(0x000000ab83600000,0x000000ab83700000) (1024K)]
  0x0000022f86b1da50 JavaThread "Service Thread"             daemon [_thread_blocked, id=252832, stack(0x000000ab83700000,0x000000ab83800000) (1024K)]
  0x0000022f86b23bf0 JavaThread "Monitor Deflation Thread"   daemon [_thread_blocked, id=24428, stack(0x000000ab83800000,0x000000ab83900000) (1024K)]
  0x0000022f86b2e4b0 JavaThread "C2 CompilerThread0"         daemon [_thread_blocked, id=266020, stack(0x000000ab83900000,0x000000ab83a00000) (1024K)]
  0x0000022f86b338e0 JavaThread "C1 CompilerThread0"         daemon [_thread_blocked, id=136948, stack(0x000000ab83a00000,0x000000ab83b00000) (1024K)]
  0x0000022f86da3d50 JavaThread "Common-Cleaner"             daemon [_thread_blocked, id=24564, stack(0x000000ab83e00000,0x000000ab83f00000) (1024K)]
  0x0000022f86e95860 JavaThread "Notification Thread"        daemon [_thread_blocked, id=257960, stack(0x000000ab83d00000,0x000000ab83e00000) (1024K)]
  0x0000022f8d182b20 JavaThread "Active Thread: Equinox Container: 05c50365-4084-4fa5-8398-724bb84df7af"        [_thread_blocked, id=257376, stack(0x000000ab84e00000,0x000000ab84f00000) (1024K)]
  0x0000022f8d195af0 JavaThread "Framework Event Dispatcher: Equinox Container: 05c50365-4084-4fa5-8398-724bb84df7af" daemon [_thread_blocked, id=253544, stack(0x000000ab84000000,0x000000ab84100000) (1024K)]
  0x0000022f8d316ba0 JavaThread "Start Level: Equinox Container: 05c50365-4084-4fa5-8398-724bb84df7af" daemon [_thread_blocked, id=133468, stack(0x000000ab84100000,0x000000ab84200000) (1024K)]
  0x0000022f8d317230 JavaThread "Refresh Thread: Equinox Container: 05c50365-4084-4fa5-8398-724bb84df7af" daemon [_thread_blocked, id=204268, stack(0x000000ab85100000,0x000000ab85200000) (1024K)]
  0x0000022f8d559dd0 JavaThread "Bundle File Closer"         daemon [_thread_blocked, id=242908, stack(0x000000ab86300000,0x000000ab86400000) (1024K)]
  0x0000022f8d55a460 JavaThread "SCR Component Actor"        daemon [_thread_blocked, id=260332, stack(0x000000ab85300000,0x000000ab85400000) (1024K)]
  0x0000022f8d55b810 JavaThread "Worker-JM"                         [_thread_blocked, id=4060, stack(0x000000ab85f00000,0x000000ab86000000) (1024K)]
  0x0000022f8d55bea0 JavaThread "JNA Cleaner"                daemon [_thread_blocked, id=242676, stack(0x000000ab86400000,0x000000ab86500000) (1024K)]
  0x0000022f8d55aaf0 JavaThread "Java indexing"              daemon [_thread_blocked, id=267796, stack(0x000000ab86c00000,0x000000ab86d00000) (1024K)]
  0x0000022f8d55f320 JavaThread "Thread-1"                   daemon [_thread_in_native, id=267752, stack(0x000000ab87200000,0x000000ab87300000) (1024K)]
  0x0000022f8d560d60 JavaThread "Thread-2"                   daemon [_thread_in_native, id=268168, stack(0x000000ab87300000,0x000000ab87400000) (1024K)]
  0x0000022f8d55f9b0 JavaThread "Thread-3"                   daemon [_thread_in_native, id=267560, stack(0x000000ab87400000,0x000000ab87500000) (1024K)]
  0x0000022f8d560040 JavaThread "Thread-4"                   daemon [_thread_in_native, id=258764, stack(0x000000ab87500000,0x000000ab87600000) (1024K)]
  0x0000022f8d5606d0 JavaThread "Thread-5"                   daemon [_thread_in_native, id=246716, stack(0x000000ab87600000,0x000000ab87700000) (1024K)]
  0x0000022f8e3c1ac0 JavaThread "Thread-6"                   daemon [_thread_in_native, id=174536, stack(0x000000ab87700000,0x000000ab87800000) (1024K)]
  0x0000022f8e3c2150 JavaThread "Thread-7"                   daemon [_thread_in_native, id=243912, stack(0x000000ab87800000,0x000000ab87900000) (1024K)]
  0x0000022f8e3c1430 JavaThread "Thread-8"                   daemon [_thread_in_native, id=267848, stack(0x000000ab87900000,0x000000ab87a00000) (1024K)]
  0x0000022f8e3c2e70 JavaThread "Thread-9"                   daemon [_thread_in_native, id=267876, stack(0x000000ab87a00000,0x000000ab87b00000) (1024K)]
  0x0000022f8e3c0080 JavaThread "Thread-10"                  daemon [_thread_in_native, id=256396, stack(0x000000ab87b00000,0x000000ab87c00000) (1024K)]
  0x0000022f8e3c3500 JavaThread "Thread-11"                  daemon [_thread_in_native, id=259392, stack(0x000000ab87c00000,0x000000ab87d00000) (1024K)]
  0x0000022f8e3c0710 JavaThread "Thread-12"                  daemon [_thread_in_native, id=224032, stack(0x000000ab87d00000,0x000000ab87e00000) (1024K)]
  0x0000022f8e3c27e0 JavaThread "Thread-13"                  daemon [_thread_in_native, id=268052, stack(0x000000ab87e00000,0x000000ab87f00000) (1024K)]
  0x0000022f8e3c0da0 JavaThread "Thread-14"                  daemon [_thread_in_native, id=267656, stack(0x000000ab87f00000,0x000000ab88000000) (1024K)]
  0x0000022f920fd360 JavaThread "Thread-15"                  daemon [_thread_in_native, id=268120, stack(0x000000ab88000000,0x000000ab88100000) (1024K)]
  0x0000022f920fc640 JavaThread "Thread-16"                  daemon [_thread_in_native, id=267312, stack(0x000000ab88100000,0x000000ab88200000) (1024K)]
  0x0000022f920fe080 JavaThread "Thread-17"                  daemon [_thread_in_native, id=268276, stack(0x000000ab88200000,0x000000ab88300000) (1024K)]
  0x0000022f920fbfb0 JavaThread "pool-2-thread-1"                   [_thread_blocked, id=267336, stack(0x000000ab88300000,0x000000ab88400000) (1024K)]
  0x0000022f920fe710 JavaThread "WorkspaceEventsHandler"            [_thread_blocked, id=268256, stack(0x000000ab88500000,0x000000ab88600000) (1024K)]
  0x0000022f920fd9f0 JavaThread "pool-1-thread-1"                   [_thread_blocked, id=267296, stack(0x000000ab88600000,0x000000ab88700000) (1024K)]
  0x0000022f90569410 JavaThread "Cleaner-0"                  daemon [_thread_blocked, id=268496, stack(0x000000ab89600000,0x000000ab89700000) (1024K)]
  0x0000022f920fb920 JavaThread "Java Debug Server"          daemon [_thread_in_native, id=268560, stack(0x000000ab83c00000,0x000000ab83d00000) (1024K)]
  0x0000022f92101500 JavaThread "RxSchedulerPurge-1"         daemon [_thread_blocked, id=7860, stack(0x000000ab84800000,0x000000ab84900000) (1024K)]
  0x0000022f920ff430 JavaThread "RxCachedWorkerPoolEvictor-1" daemon [_thread_blocked, id=268384, stack(0x000000ab84900000,0x000000ab84a00000) (1024K)]
  0x0000022f900c0000 JavaThread "ForkJoinPool.commonPool-worker-20" daemon [_thread_blocked, id=91628, stack(0x000000ab83b00000,0x000000ab83c00000) (1024K)]
  0x0000022f900bd8a0 JavaThread "ForkJoinPool.commonPool-worker-21" daemon [_thread_blocked, id=272364, stack(0x000000ab83f00000,0x000000ab84000000) (1024K)]
  0x0000022f900c13b0 JavaThread "ForkJoinPool.commonPool-worker-24" daemon [_thread_blocked, id=273396, stack(0x000000ab84d00000,0x000000ab84e00000) (1024K)]
  0x0000022f900c3480 JavaThread "ForkJoinPool.commonPool-worker-25" daemon [_thread_blocked, id=271840, stack(0x000000ab85400000,0x000000ab85500000) (1024K)]
  0x0000022f900c41a0 JavaThread "ForkJoinPool.commonPool-worker-29" daemon [_thread_blocked, id=272856, stack(0x000000ab85900000,0x000000ab85a00000) (1024K)]
  0x0000022f90564550 JavaThread "ForkJoinPool.commonPool-worker-30" daemon [_thread_blocked, id=275392, stack(0x000000ab85600000,0x000000ab85700000) (1024K)]
  0x0000022f905679d0 JavaThread "Worker-11"                         [_thread_blocked, id=274408, stack(0x000000ab85800000,0x000000ab85900000) (1024K)]
  0x0000022f90566620 JavaThread "Worker-12"                         [_thread_blocked, id=275072, stack(0x000000ab85a00000,0x000000ab85b00000) (1024K)]
  0x0000022f900c20d0 JavaThread "ForkJoinPool.commonPool-worker-34" daemon [_thread_blocked, id=277728, stack(0x000000ab82c00000,0x000000ab82d00000) (1024K)]
  0x0000022f900c0690 JavaThread "ForkJoinPool.commonPool-worker-35" daemon [_thread_blocked, id=277016, stack(0x000000ab82d00000,0x000000ab82e00000) (1024K)]
  0x0000022f900bec50 JavaThread "ForkJoinPool.commonPool-worker-36" daemon [_thread_blocked, id=277968, stack(0x000000ab82e00000,0x000000ab82f00000) (1024K)]
  0x0000022f900c2760 JavaThread "ForkJoinPool.commonPool-worker-39" daemon [_thread_blocked, id=278032, stack(0x000000ab84a00000,0x000000ab84b00000) (1024K)]
  0x0000022f900bf2e0 JavaThread "ForkJoinPool.commonPool-worker-37" daemon [_thread_blocked, id=278060, stack(0x000000ab84b00000,0x000000ab84c00000) (1024K)]
  0x0000022f900bf970 JavaThread "ForkJoinPool.commonPool-worker-38" daemon [_thread_blocked, id=278016, stack(0x000000ab84c00000,0x000000ab84d00000) (1024K)]
  0x0000022f900c2df0 JavaThread "ForkJoinPool.commonPool-worker-41" daemon [_thread_blocked, id=278024, stack(0x000000ab85500000,0x000000ab85600000) (1024K)]
  0x0000022f900c4ec0 JavaThread "ForkJoinPool.commonPool-worker-40" daemon [_thread_blocked, id=278420, stack(0x000000ab85700000,0x000000ab85800000) (1024K)]
  0x0000022f900c3b10 JavaThread "ForkJoinPool.commonPool-worker-42" daemon [_thread_blocked, id=277628, stack(0x000000ab85b00000,0x000000ab85c00000) (1024K)]
  0x0000022f90566cb0 JavaThread "Compiler Source File Reader" daemon [_thread_blocked, id=276500, stack(0x000000ab85e00000,0x000000ab85f00000) (1024K)]
  0x0000022f90567340 JavaThread "Worker-14"                         [_thread_blocked, id=258796, stack(0x000000ab85c00000,0x000000ab85d00000) (1024K)]
  0x0000022f90564be0 JavaThread "Compiler Source File Reader" daemon [_thread_blocked, id=278952, stack(0x000000ab85d00000,0x000000ab85e00000) (1024K)]
  0x0000022f8d55c530 JavaThread "Compiler Processing Task"   daemon [_thread_blocked, id=278956, stack(0x000000ab86500000,0x000000ab86600000) (1024K)]
  0x0000022f8d55df70 JavaThread "pool-1-thread-6"                   [_thread_blocked, id=264152, stack(0x000000ab86600000,0x000000ab86700000) (1024K)]
  0x0000022f8d55ec90 JavaThread "Worker-15"                         [_thread_blocked, id=279104, stack(0x000000ab86700000,0x000000ab86800000) (1024K)]
Total: 67

Other Threads:
  0x0000022f86b132d0 VMThread "VM Thread"                           [id=10912, stack(0x000000ab83200000,0x000000ab83300000) (1024K)]
  0x0000022f442fca00 WatcherThread "VM Periodic Task Thread"        [id=253488, stack(0x000000ab83100000,0x000000ab83200000) (1024K)]
  0x0000022f2d30c590 WorkerThread "GC Thread#0"                     [id=264264, stack(0x000000ab83000000,0x000000ab83100000) (1024K)]
  0x0000022f8898cb60 WorkerThread "GC Thread#1"                     [id=24160, stack(0x000000ab84200000,0x000000ab84300000) (1024K)]
  0x0000022f8898cf00 WorkerThread "GC Thread#2"                     [id=266024, stack(0x000000ab84300000,0x000000ab84400000) (1024K)]
  0x0000022f8898d2a0 WorkerThread "GC Thread#3"                     [id=227200, stack(0x000000ab84400000,0x000000ab84500000) (1024K)]
  0x0000022f8859ceb0 WorkerThread "GC Thread#4"                     [id=260948, stack(0x000000ab84500000,0x000000ab84600000) (1024K)]
  0x0000022f8859d250 WorkerThread "GC Thread#5"                     [id=263892, stack(0x000000ab84600000,0x000000ab84700000) (1024K)]
  0x0000022f8859d5f0 WorkerThread "GC Thread#6"                     [id=259952, stack(0x000000ab84700000,0x000000ab84800000) (1024K)]
  0x0000022f88703c70 WorkerThread "GC Thread#7"                     [id=170144, stack(0x000000ab84f00000,0x000000ab85000000) (1024K)]
  0x0000022f8d4b3c40 WorkerThread "GC Thread#8"                     [id=253996, stack(0x000000ab85200000,0x000000ab85300000) (1024K)]
  0x0000022f8d4b2dc0 WorkerThread "GC Thread#9"                     [id=75880, stack(0x000000ab86100000,0x000000ab86200000) (1024K)]
  0x0000022f8d4b3500 WorkerThread "GC Thread#10"                    [id=251656, stack(0x000000ab86200000,0x000000ab86300000) (1024K)]
  0x0000022f8d4b3160 WorkerThread "GC Thread#11"                    [id=241052, stack(0x000000ab85000000,0x000000ab85100000) (1024K)]
  0x0000022f8d4b3fe0 WorkerThread "GC Thread#12"                    [id=265580, stack(0x000000ab86000000,0x000000ab86100000) (1024K)]
Total: 15

Threads with active compile tasks:
Total: 0

VM state: not at safepoint (normal execution)

VM Mutex/Monitor currently owned by a thread: None

Heap address: 0x0000000080000000, size: 2048 MB, Compressed Oops mode: 32-bit

CDS archive(s) mapped at: [0x0000022f45000000-0x0000022f45ba0000-0x0000022f45ba0000), size 12189696, SharedBaseAddress: 0x0000022f45000000, ArchiveRelocationMode: 1.
Compressed class space mapped at: 0x0000022f46000000-0x0000022f86000000, reserved size: 1073741824
Narrow klass base: 0x0000022f45000000, Narrow klass shift: 0, Narrow klass range: 0x100000000

GC Precious Log:
 CardTable entry size: 512
 CPUs: 16 total, 16 available
 Memory: 14020M
 Large Page Support: Disabled
 NUMA Support: Disabled
 Compressed Oops: Enabled (32-bit)
 Alignments: Space 512K, Generation 512K, Heap 2M
 Heap Min Capacity: 100M
 Heap Initial Capacity: 100M
 Heap Max Capacity: 2G
 Pre-touch: Disabled
 Parallel Workers: 13

Heap:
 PSYoungGen      total 2048K, used 1441K [0x00000000d5580000, 0x00000000d5880000, 0x0000000100000000)
  eden space 1536K, 68% used [0x00000000d5580000,0x00000000d5688748,0x00000000d5700000)
  from space 512K, 75% used [0x00000000d5780000,0x00000000d57e0000,0x00000000d5800000)
  to   space 512K, 0% used [0x00000000d5800000,0x00000000d5800000,0x00000000d5880000)
 ParOldGen       total 857600K, used 857319K [0x0000000080000000, 0x00000000b4580000, 0x00000000d5580000)
  object space 857600K, 99% used [0x0000000080000000,0x00000000b4539f28,0x00000000b4580000)
 Metaspace       used 91640K, committed 93248K, reserved 1179648K
  class space    used 9302K, committed 10048K, reserved 1048576K

Card table byte_map: [0x0000022f3f730000,0x0000022f3fb40000] _byte_map_base: 0x0000022f3f330000

Marking Bits: (ParMarkBitMap*) 0x00007ffb8a442460
 Begin Bits: [0x0000022f3fdf0000, 0x0000022f41df0000)
 End Bits:   [0x0000022f41df0000, 0x0000022f43df0000)

Polling page: 0x0000022f2d3b0000

Metaspace:

Usage:
  Non-class:     80.41 MB used.
      Class:      9.08 MB used.
       Both:     89.49 MB used.

Virtual space:
  Non-class space:      128.00 MB reserved,      81.25 MB ( 63%) committed,  2 nodes.
      Class space:        1.00 GB reserved,       9.81 MB ( <1%) committed,  1 nodes.
             Both:        1.12 GB reserved,      91.06 MB (  8%) committed. 

Chunk freelists:
   Non-Class:  14.22 MB
       Class:  6.17 MB
        Both:  20.38 MB

MaxMetaspaceSize: unlimited
CompressedClassSpaceSize: 1.00 GB
Initial GC threshold: 21.00 MB
Current GC threshold: 146.50 MB
CDS: on
 - commit_granule_bytes: 65536.
 - commit_granule_words: 8192.
 - virtual_space_node_default_size: 8388608.
 - enlarge_chunks_in_place: 1.
 - use_allocation_guard: 0.


Internal statistics:

num_allocs_failed_limit: 9.
num_arena_births: 1646.
num_arena_deaths: 14.
num_vsnodes_births: 3.
num_vsnodes_deaths: 0.
num_space_committed: 1456.
num_space_uncommitted: 0.
num_chunks_returned_to_freelist: 23.
num_chunks_taken_from_freelist: 6164.
num_chunk_merges: 15.
num_chunk_splits: 3670.
num_chunks_enlarged: 1940.
num_inconsistent_stats: 0.

CodeHeap 'non-profiled nmethods': size=119168Kb used=29836Kb max_used=29836Kb free=89332Kb
 bounds [0x0000022f380f0000, 0x0000022f39e20000, 0x0000022f3f550000]
CodeHeap 'profiled nmethods': size=119104Kb used=54426Kb max_used=54426Kb free=64678Kb
 bounds [0x0000022f30550000, 0x0000022f33a80000, 0x0000022f379a0000]
CodeHeap 'non-nmethods': size=7488Kb used=1547Kb max_used=3296Kb free=5940Kb
 bounds [0x0000022f379a0000, 0x0000022f37ce0000, 0x0000022f380f0000]
CodeCache: size=245760Kb, used=85809Kb, max_used=87558Kb, free=159950Kb
 total_blobs=21992, nmethods=21125, adapters=767, full_count=0
Compilation: enabled, stopped_count=0, restarted_count=0

Compilation events (20 events):
Event: 3316.072 Thread 0x0000022f86b338e0 25962       3       java.util.ImmutableCollections$List12::indexOf (43 bytes)
Event: 3316.072 Thread 0x0000022f86b338e0 nmethod 25962 0x0000022f33a63310 code [0x0000022f33a63500, 0x0000022f33a63a10]
Event: 3316.161 Thread 0x0000022f86b2e4b0 25963       4       org.eclipse.jdt.internal.compiler.lookup.ClassScope::buildFieldsAndMethods (127 bytes)
Event: 3316.174 Thread 0x0000022f86b2e4b0 nmethod 25963 0x0000022f39e09610 code [0x0000022f39e09900, 0x0000022f39e0a250]
Event: 3316.302 Thread 0x0000022f86b338e0 25964       3       org.eclipse.jdt.internal.compiler.lookup.ClassScope::connectSuperclass (535 bytes)
Event: 3316.305 Thread 0x0000022f86b2e4b0 25968       4       org.eclipse.jdt.internal.compiler.codegen.ConstantPool::literalIndexForLdc (698 bytes)
Event: 3316.306 Thread 0x0000022f86b338e0 nmethod 25964 0x0000022f33a63b90 code [0x0000022f33a64460, 0x0000022f33a6a798]
Event: 3316.307 Thread 0x0000022f86b338e0 25965   !   3       org.eclipse.jdt.internal.compiler.lookup.ClassScope::connectSuperInterfaces (825 bytes)
Event: 3316.312 Thread 0x0000022f86b338e0 nmethod 25965 0x0000022f33a6c510 code [0x0000022f33a6cec0, 0x0000022f33a75910]
Event: 3316.313 Thread 0x0000022f86b338e0 25966       3       org.eclipse.jdt.internal.compiler.ast.TrueLiteral::literalType (4 bytes)
Event: 3316.313 Thread 0x0000022f86b338e0 nmethod 25966 0x0000022f33a78d90 code [0x0000022f33a78f20, 0x0000022f33a79038]
Event: 3316.313 Thread 0x0000022f86b338e0 25967       3       org.eclipse.jdt.internal.compiler.ast.TrueLiteral::computeConstant (9 bytes)
Event: 3316.313 Thread 0x0000022f86b338e0 nmethod 25967 0x0000022f33a79110 code [0x0000022f33a792c0, 0x0000022f33a79478]
Event: 3316.334 Thread 0x0000022f86b2e4b0 nmethod 25968 0x0000022f39e0ad10 code [0x0000022f39e0b040, 0x0000022f39e0ccc0]
Event: 3316.356 Thread 0x0000022f86b2e4b0 25969   !   4       java.lang.Object::wait (50 bytes)
Event: 3316.358 Thread 0x0000022f86b2e4b0 nmethod 25969 0x0000022f39e0dd10 code [0x0000022f39e0dee0, 0x0000022f39e0e0a0]
Event: 3317.860 Thread 0x0000022f86b2e4b0 25970       4       java.text.MessageFormat::subformat (542 bytes)
Event: 3317.893 Thread 0x0000022f86b2e4b0 nmethod 25970 0x0000022f39e0e310 code [0x0000022f39e0e700, 0x0000022f39e10ed8]
Event: 3318.988 Thread 0x0000022f86b2e4b0 25971       4       org.eclipse.core.runtime.Status::<init> (48 bytes)
Event: 3318.990 Thread 0x0000022f86b2e4b0 nmethod 25971 0x0000022f39e12990 code [0x0000022f39e12b20, 0x0000022f39e12d70]

GC Heap History (20 events):
Event: 3317.801 GC heap before
{Heap before GC invocations=3945 (full 5):
 PSYoungGen      total 2048K, used 1824K [0x00000000d5580000, 0x00000000d5880000, 0x0000000100000000)
  eden space 1536K, 100% used [0x00000000d5580000,0x00000000d5700000,0x00000000d5700000)
  from space 512K, 56% used [0x00000000d5780000,0x00000000d57c8000,0x00000000d5800000)
  to   space 512K, 0% used [0x00000000d5800000,0x00000000d5800000,0x00000000d5880000)
 ParOldGen       total 857088K, used 856927K [0x0000000080000000, 0x00000000b4500000, 0x00000000d5580000)
  object space 857088K, 99% used [0x0000000080000000,0x00000000b44d7f28,0x00000000b4500000)
 Metaspace       used 91640K, committed 93248K, reserved 1179648K
  class space    used 9302K, committed 10048K, reserved 1048576K
}
Event: 3317.803 GC heap after
{Heap after GC invocations=3945 (full 5):
 PSYoungGen      total 2048K, used 288K [0x00000000d5580000, 0x00000000d5880000, 0x0000000100000000)
  eden space 1536K, 0% used [0x00000000d5580000,0x00000000d5580000,0x00000000d5700000)
  from space 512K, 56% used [0x00000000d5800000,0x00000000d5848000,0x00000000d5880000)
  to   space 512K, 0% used [0x00000000d5780000,0x00000000d5780000,0x00000000d5800000)
 ParOldGen       total 857088K, used 856999K [0x0000000080000000, 0x00000000b4500000, 0x00000000d5580000)
  object space 857088K, 99% used [0x0000000080000000,0x00000000b44e9f28,0x00000000b4500000)
 Metaspace       used 91640K, committed 93248K, reserved 1179648K
  class space    used 9302K, committed 10048K, reserved 1048576K
}
Event: 3317.861 GC heap before
{Heap before GC invocations=3946 (full 5):
 PSYoungGen      total 2048K, used 1824K [0x00000000d5580000, 0x00000000d5880000, 0x0000000100000000)
  eden space 1536K, 100% used [0x00000000d5580000,0x00000000d5700000,0x00000000d5700000)
  from space 512K, 56% used [0x00000000d5800000,0x00000000d5848000,0x00000000d5880000)
  to   space 512K, 0% used [0x00000000d5780000,0x00000000d5780000,0x00000000d5800000)
 ParOldGen       total 857088K, used 856999K [0x0000000080000000, 0x00000000b4500000, 0x00000000d5580000)
  object space 857088K, 99% used [0x0000000080000000,0x00000000b44e9f28,0x00000000b4500000)
 Metaspace       used 91640K, committed 93248K, reserved 1179648K
  class space    used 9302K, committed 10048K, reserved 1048576K
}
Event: 3317.862 GC heap after
{Heap after GC invocations=3946 (full 5):
 PSYoungGen      total 2048K, used 416K [0x00000000d5580000, 0x00000000d5880000, 0x0000000100000000)
  eden space 1536K, 0% used [0x00000000d5580000,0x00000000d5580000,0x00000000d5700000)
  from space 512K, 81% used [0x00000000d5780000,0x00000000d57e8000,0x00000000d5800000)
  to   space 512K, 0% used [0x00000000d5800000,0x00000000d5800000,0x00000000d5880000)
 ParOldGen       total 857088K, used 857079K [0x0000000080000000, 0x00000000b4500000, 0x00000000d5580000)
  object space 857088K, 99% used [0x0000000080000000,0x00000000b44fdf28,0x00000000b4500000)
 Metaspace       used 91640K, committed 93248K, reserved 1179648K
  class space    used 9302K, committed 10048K, reserved 1048576K
}
Event: 3318.081 GC heap before
{Heap before GC invocations=3947 (full 5):
 PSYoungGen      total 2048K, used 1952K [0x00000000d5580000, 0x00000000d5880000, 0x0000000100000000)
  eden space 1536K, 100% used [0x00000000d5580000,0x00000000d5700000,0x00000000d5700000)
  from space 512K, 81% used [0x00000000d5780000,0x00000000d57e8000,0x00000000d5800000)
  to   space 512K, 0% used [0x00000000d5800000,0x00000000d5800000,0x00000000d5880000)
 ParOldGen       total 857088K, used 857079K [0x0000000080000000, 0x00000000b4500000, 0x00000000d5580000)
  object space 857088K, 99% used [0x0000000080000000,0x00000000b44fdf28,0x00000000b4500000)
 Metaspace       used 91640K, committed 93248K, reserved 1179648K
  class space    used 9302K, committed 10048K, reserved 1048576K
}
Event: 3318.083 GC heap after
{Heap after GC invocations=3947 (full 5):
 PSYoungGen      total 2048K, used 320K [0x00000000d5580000, 0x00000000d5880000, 0x0000000100000000)
  eden space 1536K, 0% used [0x00000000d5580000,0x00000000d5580000,0x00000000d5700000)
  from space 512K, 62% used [0x00000000d5800000,0x00000000d5850000,0x00000000d5880000)
  to   space 512K, 0% used [0x00000000d5780000,0x00000000d5780000,0x00000000d5800000)
 ParOldGen       total 857600K, used 857143K [0x0000000080000000, 0x00000000b4580000, 0x00000000d5580000)
  object space 857600K, 99% used [0x0000000080000000,0x00000000b450df28,0x00000000b4580000)
 Metaspace       used 91640K, committed 93248K, reserved 1179648K
  class space    used 9302K, committed 10048K, reserved 1048576K
}
Event: 3318.163 GC heap before
{Heap before GC invocations=3948 (full 5):
 PSYoungGen      total 2048K, used 1856K [0x00000000d5580000, 0x00000000d5880000, 0x0000000100000000)
  eden space 1536K, 100% used [0x00000000d5580000,0x00000000d5700000,0x00000000d5700000)
  from space 512K, 62% used [0x00000000d5800000,0x00000000d5850000,0x00000000d5880000)
  to   space 512K, 0% used [0x00000000d5780000,0x00000000d5780000,0x00000000d5800000)
 ParOldGen       total 857600K, used 857143K [0x0000000080000000, 0x00000000b4580000, 0x00000000d5580000)
  object space 857600K, 99% used [0x0000000080000000,0x00000000b450df28,0x00000000b4580000)
 Metaspace       used 91640K, committed 93248K, reserved 1179648K
  class space    used 9302K, committed 10048K, reserved 1048576K
}
Event: 3318.165 GC heap after
{Heap after GC invocations=3948 (full 5):
 PSYoungGen      total 2048K, used 416K [0x00000000d5580000, 0x00000000d5880000, 0x0000000100000000)
  eden space 1536K, 0% used [0x00000000d5580000,0x00000000d5580000,0x00000000d5700000)
  from space 512K, 81% used [0x00000000d5780000,0x00000000d57e8000,0x00000000d5800000)
  to   space 512K, 0% used [0x00000000d5800000,0x00000000d5800000,0x00000000d5880000)
 ParOldGen       total 857600K, used 857143K [0x0000000080000000, 0x00000000b4580000, 0x00000000d5580000)
  object space 857600K, 99% used [0x0000000080000000,0x00000000b450df28,0x00000000b4580000)
 Metaspace       used 91640K, committed 93248K, reserved 1179648K
  class space    used 9302K, committed 10048K, reserved 1048576K
}
Event: 3318.223 GC heap before
{Heap before GC invocations=3949 (full 5):
 PSYoungGen      total 2048K, used 1952K [0x00000000d5580000, 0x00000000d5880000, 0x0000000100000000)
  eden space 1536K, 100% used [0x00000000d5580000,0x00000000d5700000,0x00000000d5700000)
  from space 512K, 81% used [0x00000000d5780000,0x00000000d57e8000,0x00000000d5800000)
  to   space 512K, 0% used [0x00000000d5800000,0x00000000d5800000,0x00000000d5880000)
 ParOldGen       total 857600K, used 857143K [0x0000000080000000, 0x00000000b4580000, 0x00000000d5580000)
  object space 857600K, 99% used [0x0000000080000000,0x00000000b450df28,0x00000000b4580000)
 Metaspace       used 91640K, committed 93248K, reserved 1179648K
  class space    used 9302K, committed 10048K, reserved 1048576K
}
Event: 3318.225 GC heap after
{Heap after GC invocations=3949 (full 5):
 PSYoungGen      total 2048K, used 288K [0x00000000d5580000, 0x00000000d5880000, 0x0000000100000000)
  eden space 1536K, 0% used [0x00000000d5580000,0x00000000d5580000,0x00000000d5700000)
  from space 512K, 56% used [0x00000000d5800000,0x00000000d5848000,0x00000000d5880000)
  to   space 512K, 0% used [0x00000000d5780000,0x00000000d5780000,0x00000000d5800000)
 ParOldGen       total 857600K, used 857143K [0x0000000080000000, 0x00000000b4580000, 0x00000000d5580000)
  object space 857600K, 99% used [0x0000000080000000,0x00000000b450df28,0x00000000b4580000)
 Metaspace       used 91640K, committed 93248K, reserved 1179648K
  class space    used 9302K, committed 10048K, reserved 1048576K
}
Event: 3318.933 GC heap before
{Heap before GC invocations=3950 (full 5):
 PSYoungGen      total 2048K, used 1824K [0x00000000d5580000, 0x00000000d5880000, 0x0000000100000000)
  eden space 1536K, 100% used [0x00000000d5580000,0x00000000d5700000,0x00000000d5700000)
  from space 512K, 56% used [0x00000000d5800000,0x00000000d5848000,0x00000000d5880000)
  to   space 512K, 0% used [0x00000000d5780000,0x00000000d5780000,0x00000000d5800000)
 ParOldGen       total 857600K, used 857143K [0x0000000080000000, 0x00000000b4580000, 0x00000000d5580000)
  object space 857600K, 99% used [0x0000000080000000,0x00000000b450df28,0x00000000b4580000)
 Metaspace       used 91640K, committed 93248K, reserved 1179648K
  class space    used 9302K, committed 10048K, reserved 1048576K
}
Event: 3318.934 GC heap after
{Heap after GC invocations=3950 (full 5):
 PSYoungGen      total 2048K, used 416K [0x00000000d5580000, 0x00000000d5880000, 0x0000000100000000)
  eden space 1536K, 0% used [0x00000000d5580000,0x00000000d5580000,0x00000000d5700000)
  from space 512K, 81% used [0x00000000d5780000,0x00000000d57e8000,0x00000000d5800000)
  to   space 512K, 0% used [0x00000000d5800000,0x00000000d5800000,0x00000000d5880000)
 ParOldGen       total 857600K, used 857143K [0x0000000080000000, 0x00000000b4580000, 0x00000000d5580000)
  object space 857600K, 99% used [0x0000000080000000,0x00000000b450df28,0x00000000b4580000)
 Metaspace       used 91640K, committed 93248K, reserved 1179648K
  class space    used 9302K, committed 10048K, reserved 1048576K
}
Event: 3318.936 GC heap before
{Heap before GC invocations=3951 (full 5):
 PSYoungGen      total 2048K, used 1944K [0x00000000d5580000, 0x00000000d5880000, 0x0000000100000000)
  eden space 1536K, 99% used [0x00000000d5580000,0x00000000d56fe2a8,0x00000000d5700000)
  from space 512K, 81% used [0x00000000d5780000,0x00000000d57e8000,0x00000000d5800000)
  to   space 512K, 0% used [0x00000000d5800000,0x00000000d5800000,0x00000000d5880000)
 ParOldGen       total 857600K, used 857143K [0x0000000080000000, 0x00000000b4580000, 0x00000000d5580000)
  object space 857600K, 99% used [0x0000000080000000,0x00000000b450df28,0x00000000b4580000)
 Metaspace       used 91640K, committed 93248K, reserved 1179648K
  class space    used 9302K, committed 10048K, reserved 1048576K
}
Event: 3318.938 GC heap after
{Heap after GC invocations=3951 (full 5):
 PSYoungGen      total 2048K, used 305K [0x00000000d5580000, 0x00000000d5880000, 0x0000000100000000)
  eden space 1536K, 0% used [0x00000000d5580000,0x00000000d5580000,0x00000000d5700000)
  from space 512K, 59% used [0x00000000d5800000,0x00000000d584c618,0x00000000d5880000)
  to   space 512K, 0% used [0x00000000d5780000,0x00000000d5780000,0x00000000d5800000)
 ParOldGen       total 857600K, used 857247K [0x0000000080000000, 0x00000000b4580000, 0x00000000d5580000)
  object space 857600K, 99% used [0x0000000080000000,0x00000000b4527f28,0x00000000b4580000)
 Metaspace       used 91640K, committed 93248K, reserved 1179648K
  class space    used 9302K, committed 10048K, reserved 1048576K
}
Event: 3318.986 GC heap before
{Heap before GC invocations=3952 (full 5):
 PSYoungGen      total 2048K, used 1841K [0x00000000d5580000, 0x00000000d5880000, 0x0000000100000000)
  eden space 1536K, 100% used [0x00000000d5580000,0x00000000d5700000,0x00000000d5700000)
  from space 512K, 59% used [0x00000000d5800000,0x00000000d584c618,0x00000000d5880000)
  to   space 512K, 0% used [0x00000000d5780000,0x00000000d5780000,0x00000000d5800000)
 ParOldGen       total 857600K, used 857247K [0x0000000080000000, 0x00000000b4580000, 0x00000000d5580000)
  object space 857600K, 99% used [0x0000000080000000,0x00000000b4527f28,0x00000000b4580000)
 Metaspace       used 91640K, committed 93248K, reserved 1179648K
  class space    used 9302K, committed 10048K, reserved 1048576K
}
Event: 3318.987 GC heap after
{Heap after GC invocations=3952 (full 5):
 PSYoungGen      total 2048K, used 416K [0x00000000d5580000, 0x00000000d5880000, 0x0000000100000000)
  eden space 1536K, 0% used [0x00000000d5580000,0x00000000d5580000,0x00000000d5700000)
  from space 512K, 81% used [0x00000000d5780000,0x00000000d57e8000,0x00000000d5800000)
  to   space 512K, 0% used [0x00000000d5800000,0x00000000d5800000,0x00000000d5880000)
 ParOldGen       total 857600K, used 857319K [0x0000000080000000, 0x00000000b4580000, 0x00000000d5580000)
  object space 857600K, 99% used [0x0000000080000000,0x00000000b4539f28,0x00000000b4580000)
 Metaspace       used 91640K, committed 93248K, reserved 1179648K
  class space    used 9302K, committed 10048K, reserved 1048576K
}
Event: 3319.356 GC heap before
{Heap before GC invocations=3953 (full 5):
 PSYoungGen      total 2048K, used 1952K [0x00000000d5580000, 0x00000000d5880000, 0x0000000100000000)
  eden space 1536K, 100% used [0x00000000d5580000,0x00000000d5700000,0x00000000d5700000)
  from space 512K, 81% used [0x00000000d5780000,0x00000000d57e8000,0x00000000d5800000)
  to   space 512K, 0% used [0x00000000d5800000,0x00000000d5800000,0x00000000d5880000)
 ParOldGen       total 857600K, used 857319K [0x0000000080000000, 0x00000000b4580000, 0x00000000d5580000)
  object space 857600K, 99% used [0x0000000080000000,0x00000000b4539f28,0x00000000b4580000)
 Metaspace       used 91640K, committed 93248K, reserved 1179648K
  class space    used 9302K, committed 10048K, reserved 1048576K
}
Event: 3319.357 GC heap after
{Heap after GC invocations=3953 (full 5):
 PSYoungGen      total 2048K, used 416K [0x00000000d5580000, 0x00000000d5880000, 0x0000000100000000)
  eden space 1536K, 0% used [0x00000000d5580000,0x00000000d5580000,0x00000000d5700000)
  from space 512K, 81% used [0x00000000d5800000,0x00000000d5868000,0x00000000d5880000)
  to   space 512K, 0% used [0x00000000d5780000,0x00000000d5780000,0x00000000d5800000)
 ParOldGen       total 857600K, used 857319K [0x0000000080000000, 0x00000000b4580000, 0x00000000d5580000)
  object space 857600K, 99% used [0x0000000080000000,0x00000000b4539f28,0x00000000b4580000)
 Metaspace       used 91640K, committed 93248K, reserved 1179648K
  class space    used 9302K, committed 10048K, reserved 1048576K
}
Event: 3319.401 GC heap before
{Heap before GC invocations=3954 (full 5):
 PSYoungGen      total 2048K, used 1952K [0x00000000d5580000, 0x00000000d5880000, 0x0000000100000000)
  eden space 1536K, 100% used [0x00000000d5580000,0x00000000d5700000,0x00000000d5700000)
  from space 512K, 81% used [0x00000000d5800000,0x00000000d5868000,0x00000000d5880000)
  to   space 512K, 0% used [0x00000000d5780000,0x00000000d5780000,0x00000000d5800000)
 ParOldGen       total 857600K, used 857319K [0x0000000080000000, 0x00000000b4580000, 0x00000000d5580000)
  object space 857600K, 99% used [0x0000000080000000,0x00000000b4539f28,0x00000000b4580000)
 Metaspace       used 91640K, committed 93248K, reserved 1179648K
  class space    used 9302K, committed 10048K, reserved 1048576K
}
Event: 3319.403 GC heap after
{Heap after GC invocations=3954 (full 5):
 PSYoungGen      total 2048K, used 384K [0x00000000d5580000, 0x00000000d5880000, 0x0000000100000000)
  eden space 1536K, 0% used [0x00000000d5580000,0x00000000d5580000,0x00000000d5700000)
  from space 512K, 75% used [0x00000000d5780000,0x00000000d57e0000,0x00000000d5800000)
  to   space 512K, 0% used [0x00000000d5800000,0x00000000d5800000,0x00000000d5880000)
 ParOldGen       total 857600K, used 857319K [0x0000000080000000, 0x00000000b4580000, 0x00000000d5580000)
  object space 857600K, 99% used [0x0000000080000000,0x00000000b4539f28,0x00000000b4580000)
 Metaspace       used 91640K, committed 93248K, reserved 1179648K
  class space    used 9302K, committed 10048K, reserved 1048576K
}

Dll operation events (12 events):
Event: 0.032 Loaded shared library c:\Users\Sam\.vscode\extensions\redhat.java-1.50.0-win32-x64\jre\21.0.9-win32-x86_64\bin\java.dll
Event: 0.080 Loaded shared library c:\Users\Sam\.vscode\extensions\redhat.java-1.50.0-win32-x64\jre\21.0.9-win32-x86_64\bin\zip.dll
Event: 0.213 Loaded shared library C:\Users\Sam\.vscode\extensions\redhat.java-1.50.0-win32-x64\jre\21.0.9-win32-x86_64\bin\instrument.dll
Event: 0.226 Loaded shared library C:\Users\Sam\.vscode\extensions\redhat.java-1.50.0-win32-x64\jre\21.0.9-win32-x86_64\bin\net.dll
Event: 0.239 Loaded shared library C:\Users\Sam\.vscode\extensions\redhat.java-1.50.0-win32-x64\jre\21.0.9-win32-x86_64\bin\nio.dll
Event: 0.252 Loaded shared library C:\Users\Sam\.vscode\extensions\redhat.java-1.50.0-win32-x64\jre\21.0.9-win32-x86_64\bin\zip.dll
Event: 0.291 Loaded shared library C:\Users\Sam\.vscode\extensions\redhat.java-1.50.0-win32-x64\jre\21.0.9-win32-x86_64\bin\jimage.dll
Event: 0.533 Loaded shared library c:\Users\Sam\.vscode\extensions\redhat.java-1.50.0-win32-x64\jre\21.0.9-win32-x86_64\bin\verify.dll
Event: 3.988 Loaded shared library C:\Users\Sam\AppData\Roaming\Code\User\globalStorage\redhat.java\1.50.0\config_win\org.eclipse.equinox.launcher\org.eclipse.equinox.launcher.win32.win32.x86_64_1.2.1400.v20250801-0854\eclipse_11916.dll
Event: 7.120 Loaded shared library C:\Users\Sam\AppData\Local\Temp\jna-82879\jna2660716754048170885.dll
Event: 12.258 Loaded shared library C:\Users\Sam\.vscode\extensions\redhat.java-1.50.0-win32-x64\jre\21.0.9-win32-x86_64\bin\sunmscapi.dll
Event: 12.680 Loaded shared library C:\Users\Sam\.vscode\extensions\redhat.java-1.50.0-win32-x64\jre\21.0.9-win32-x86_64\bin\extnet.dll

Deoptimization events (20 events):
Event: 3313.793 Thread 0x0000022f900bf2e0 DEOPT PACKING pc=0x0000022f39b95ab0 sp=0x000000ab84bfe260
Event: 3313.793 Thread 0x0000022f900bf2e0 DEOPT UNPACKING pc=0x0000022f379f3aa2 sp=0x000000ab84bfe1c0 mode 2
Event: 3314.229 Thread 0x0000022f905679d0 Uncommon trap: trap_request=0xffffffde fr.pc=0x0000022f39b4f428 relative=0x00000000000009c8
Event: 3314.229 Thread 0x0000022f905679d0 Uncommon trap: reason=class_check action=maybe_recompile pc=0x0000022f39b4f428 method=org.eclipse.jdt.internal.compiler.ast.LocalDeclaration.isRecoveredFromLoneIdentifier()Z @ 14 c2
Event: 3314.229 Thread 0x0000022f905679d0 DEOPT PACKING pc=0x0000022f39b4f428 sp=0x000000ab858fe620
Event: 3314.230 Thread 0x0000022f905679d0 DEOPT UNPACKING pc=0x0000022f379f3aa2 sp=0x000000ab858fe530 mode 2
Event: 3314.230 Thread 0x0000022f905679d0 Uncommon trap: trap_request=0xffffffc6 fr.pc=0x0000022f39b95ab0 relative=0x00000000000006d0
Event: 3314.230 Thread 0x0000022f905679d0 Uncommon trap: reason=bimorphic_or_optimized_type_check action=maybe_recompile pc=0x0000022f39b95ab0 method=org.eclipse.jdt.internal.compiler.ast.QualifiedNameReference.getOtherFieldBindings(Lorg/eclipse/jdt/internal/compiler/lookup/BlockScope;)Lorg/eclip
Event: 3314.230 Thread 0x0000022f905679d0 DEOPT PACKING pc=0x0000022f39b95ab0 sp=0x000000ab858fe890
Event: 3314.230 Thread 0x0000022f905679d0 DEOPT UNPACKING pc=0x0000022f379f3aa2 sp=0x000000ab858fe7f0 mode 2
Event: 3314.232 Thread 0x0000022f905679d0 Uncommon trap: trap_request=0xffffffde fr.pc=0x0000022f399487e0 relative=0x00000000000000a0
Event: 3314.232 Thread 0x0000022f905679d0 Uncommon trap: reason=class_check action=maybe_recompile pc=0x0000022f399487e0 method=org.eclipse.jdt.internal.compiler.ast.LocalDeclaration.isRecoveredFromLoneIdentifier()Z @ 14 c2
Event: 3314.232 Thread 0x0000022f905679d0 DEOPT PACKING pc=0x0000022f399487e0 sp=0x000000ab858fe580
Event: 3314.232 Thread 0x0000022f905679d0 DEOPT UNPACKING pc=0x0000022f379f3aa2 sp=0x000000ab858fe520 mode 2
Event: 3314.534 Thread 0x0000022f900bf2e0 DEOPT PACKING pc=0x0000022f33a43190 sp=0x000000ab84bfdf50
Event: 3314.534 Thread 0x0000022f900bf2e0 DEOPT UNPACKING pc=0x0000022f379f4242 sp=0x000000ab84bfd460 mode 0
Event: 3315.822 Thread 0x0000022f900bf2e0 Uncommon trap: trap_request=0xffffff6e fr.pc=0x0000022f39e04a90 relative=0x0000000000000c70
Event: 3315.822 Thread 0x0000022f900bf2e0 Uncommon trap: reason=loop_limit_check action=maybe_recompile pc=0x0000022f39e04a90 method=org.eclipse.jdt.internal.compiler.lookup.SourceTypeBinding.getExactConstructor([Lorg/eclipse/jdt/internal/compiler/lookup/TypeBinding;)Lorg/eclipse/jdt/internal/com
Event: 3315.822 Thread 0x0000022f900bf2e0 DEOPT PACKING pc=0x0000022f39e04a90 sp=0x000000ab84bfdfa0
Event: 3315.822 Thread 0x0000022f900bf2e0 DEOPT UNPACKING pc=0x0000022f379f3aa2 sp=0x000000ab84bfdf18 mode 2

Classes loaded (20 events):
Event: 588.982 Loading class java/util/stream/Nodes$ConcNode
Event: 588.982 Loading class java/util/stream/Nodes$AbstractConcNode
Event: 588.982 Loading class java/util/stream/Nodes$AbstractConcNode done
Event: 588.982 Loading class java/util/stream/Nodes$ConcNode done
Event: 588.982 Loading class java/util/stream/Nodes$ToArrayTask$OfRef
Event: 588.983 Loading class java/util/stream/Nodes$ToArrayTask
Event: 588.983 Loading class java/util/stream/Nodes$ToArrayTask done
Event: 588.983 Loading class java/util/stream/Nodes$ToArrayTask$OfRef done
Event: 588.985 Loading class java/io/ObjectOutputStream$BlockDataOutputStream
Event: 588.986 Loading class java/io/ObjectOutputStream$BlockDataOutputStream done
Event: 588.986 Loading class java/io/ObjectOutputStream$HandleTable
Event: 588.986 Loading class java/io/ObjectOutputStream$HandleTable done
Event: 588.986 Loading class java/io/ObjectOutputStream$ReplaceTable
Event: 588.986 Loading class java/io/ObjectOutputStream$ReplaceTable done
Event: 1260.462 Loading class java/nio/channels/CompletionHandler
Event: 1260.462 Loading class java/nio/channels/CompletionHandler done
Event: 1266.831 Loading class java/util/Collections$EmptyListIterator
Event: 1266.832 Loading class java/util/Collections$EmptyListIterator done
Event: 2360.664 Loading class java/util/DualPivotQuicksort$Sorter
Event: 2360.664 Loading class java/util/DualPivotQuicksort$Sorter done

Classes unloaded (7 events):
Event: 7.897 Thread 0x0000022f86b132d0 Unloading class 0x0000022f461b2400 'java/lang/invoke/LambdaForm$MH+0x0000022f461b2400'
Event: 7.897 Thread 0x0000022f86b132d0 Unloading class 0x0000022f461b2000 'java/lang/invoke/LambdaForm$MH+0x0000022f461b2000'
Event: 7.897 Thread 0x0000022f86b132d0 Unloading class 0x0000022f461b1c00 'java/lang/invoke/LambdaForm$MH+0x0000022f461b1c00'
Event: 7.897 Thread 0x0000022f86b132d0 Unloading class 0x0000022f461b1800 'java/lang/invoke/LambdaForm$MH+0x0000022f461b1800'
Event: 7.897 Thread 0x0000022f86b132d0 Unloading class 0x0000022f461b1400 'java/lang/invoke/LambdaForm$BMH+0x0000022f461b1400'
Event: 7.897 Thread 0x0000022f86b132d0 Unloading class 0x0000022f461b1000 'java/lang/invoke/LambdaForm$DMH+0x0000022f461b1000'
Event: 7.897 Thread 0x0000022f86b132d0 Unloading class 0x0000022f461b0000 'java/lang/invoke/LambdaForm$DMH+0x0000022f461b0000'

Classes redefined (0 events):
No events

Internal exceptions (20 events):
Event: 2508.656 Thread 0x0000022f8d55aaf0 Exception <a 'sun/nio/fs/WindowsException'{0x00000000d5618908}> (0x00000000d5618908) 
thrown [s\src\hotspot\share\prims\jni.cpp, line 520]
Event: 2508.744 Thread 0x0000022f8d55aaf0 Exception <a 'sun/nio/fs/WindowsException'{0x00000000d5587e40}> (0x00000000d5587e40) 
thrown [s\src\hotspot\share\prims\jni.cpp, line 520]
Event: 2514.671 Thread 0x0000022f900bf970 Exception <a 'java/lang/ClassNotFoundException'{0x00000000d57cda88}: sun/net/www/protocol/jdt/Handler> (0x00000000d57cda88) 
thrown [s\src\hotspot\share\classfile\systemDictionary.cpp, line 312]
Event: 2533.409 Thread 0x0000022f8d55aaf0 Exception <a 'sun/nio/fs/WindowsException'{0x00000000d5620708}> (0x00000000d5620708) 
thrown [s\src\hotspot\share\prims\jni.cpp, line 520]
Event: 2533.508 Thread 0x0000022f8d55aaf0 Exception <a 'sun/nio/fs/WindowsException'{0x00000000d56835c0}> (0x00000000d56835c0) 
thrown [s\src\hotspot\share\prims\jni.cpp, line 520]
Event: 3098.769 Thread 0x0000022f900c41a0 Exception <a 'java/lang/ClassNotFoundException'{0x00000000d56d8168}: sun/net/www/protocol/jdt/Handler> (0x00000000d56d8168) 
thrown [s\src\hotspot\share\classfile\systemDictionary.cpp, line 312]
Event: 3098.770 Thread 0x0000022f900c41a0 Exception <a 'java/lang/ClassNotFoundException'{0x00000000d56db050}: sun/net/www/protocol/jdt/Handler> (0x00000000d56db050) 
thrown [s\src\hotspot\share\classfile\systemDictionary.cpp, line 312]
Event: 3141.998 Thread 0x0000022f8d55aaf0 Exception <a 'sun/nio/fs/WindowsException'{0x00000000d5580748}> (0x00000000d5580748) 
thrown [s\src\hotspot\share\prims\jni.cpp, line 520]
Event: 3142.138 Thread 0x0000022f8d55aaf0 Exception <a 'sun/nio/fs/WindowsException'{0x00000000d566f7a0}> (0x00000000d566f7a0) 
thrown [s\src\hotspot\share\prims\jni.cpp, line 520]
Event: 3207.667 Thread 0x0000022f900bd8a0 Exception <a 'java/lang/ClassNotFoundException'{0x00000000d56a7d60}: sun/net/www/protocol/jdt/Handler> (0x00000000d56a7d60) 
thrown [s\src\hotspot\share\classfile\systemDictionary.cpp, line 312]
Event: 3247.491 Thread 0x0000022f900bec50 Exception <a 'java/lang/ClassNotFoundException'{0x00000000d55b51a8}: sun/net/www/protocol/jdt/Handler> (0x00000000d55b51a8) 
thrown [s\src\hotspot\share\classfile\systemDictionary.cpp, line 312]
Event: 3255.369 Thread 0x0000022f900bec50 Implicit null exception at 0x0000022f39c48646 to 0x0000022f39c48fb0
Event: 3265.040 Thread 0x0000022f8d55aaf0 Exception <a 'sun/nio/fs/WindowsException'{0x00000000d5688a40}> (0x00000000d5688a40) 
thrown [s\src\hotspot\share\prims\jni.cpp, line 520]
Event: 3265.137 Thread 0x0000022f8d55aaf0 Exception <a 'sun/nio/fs/WindowsException'{0x00000000d55ea280}> (0x00000000d55ea280) 
thrown [s\src\hotspot\share\prims\jni.cpp, line 520]
Event: 3271.868 Thread 0x0000022f900bf2e0 Exception <a 'java/lang/ClassNotFoundException'{0x00000000d55f1c58}: sun/net/www/protocol/jdt/Handler> (0x00000000d55f1c58) 
thrown [s\src\hotspot\share\classfile\systemDictionary.cpp, line 312]
Event: 3312.748 Thread 0x0000022f8d55df70 Implicit null exception at 0x0000022f39abe24c to 0x0000022f39abf690
Event: 3312.748 Thread 0x0000022f8d55df70 Implicit null exception at 0x0000022f39ad3e88 to 0x0000022f39ad4144
Event: 3312.777 Thread 0x0000022f8d55df70 Implicit null exception at 0x0000022f39599d8c to 0x0000022f395a2594
Event: 3312.781 Thread 0x0000022f8d55df70 Exception <a 'java/lang/ClassNotFoundException'{0x00000000d559f860}: sun/net/www/protocol/jdt/Handler> (0x00000000d559f860) 
thrown [s\src\hotspot\share\classfile\systemDictionary.cpp, line 312]
Event: 3312.781 Thread 0x0000022f8d55df70 Exception <a 'java/lang/ClassNotFoundException'{0x00000000d55a2290}: sun/net/www/protocol/jdt/Handler> (0x00000000d55a2290) 
thrown [s\src\hotspot\share\classfile\systemDictionary.cpp, line 312]

ZGC Phase Switch (0 events):
No events

VM Operations (20 events):
Event: 3317.801 Executing VM operation: ParallelGCFailedAllocation (Allocation Failure)
Event: 3317.803 Executing VM operation: ParallelGCFailedAllocation (Allocation Failure) done
Event: 3317.861 Executing VM operation: ParallelGCFailedAllocation (Allocation Failure)
Event: 3317.862 Executing VM operation: ParallelGCFailedAllocation (Allocation Failure) done
Event: 3318.081 Executing VM operation: ParallelGCFailedAllocation (Allocation Failure)
Event: 3318.083 Executing VM operation: ParallelGCFailedAllocation (Allocation Failure) done
Event: 3318.163 Executing VM operation: ParallelGCFailedAllocation (Allocation Failure)
Event: 3318.165 Executing VM operation: ParallelGCFailedAllocation (Allocation Failure) done
Event: 3318.223 Executing VM operation: ParallelGCFailedAllocation (Allocation Failure)
Event: 3318.225 Executing VM operation: ParallelGCFailedAllocation (Allocation Failure) done
Event: 3318.933 Executing VM operation: ParallelGCFailedAllocation (Allocation Failure)
Event: 3318.934 Executing VM operation: ParallelGCFailedAllocation (Allocation Failure) done
Event: 3318.936 Executing VM operation: ParallelGCFailedAllocation (Allocation Failure)
Event: 3318.938 Executing VM operation: ParallelGCFailedAllocation (Allocation Failure) done
Event: 3318.986 Executing VM operation: ParallelGCFailedAllocation (Allocation Failure)
Event: 3318.987 Executing VM operation: ParallelGCFailedAllocation (Allocation Failure) done
Event: 3319.356 Executing VM operation: ParallelGCFailedAllocation (Allocation Failure)
Event: 3319.357 Executing VM operation: ParallelGCFailedAllocation (Allocation Failure) done
Event: 3319.401 Executing VM operation: ParallelGCFailedAllocation (Allocation Failure)
Event: 3319.403 Executing VM operation: ParallelGCFailedAllocation (Allocation Failure) done

Memory protections (0 events):
No events

Nmethod flushes (20 events):
Event: 1450.272 Thread 0x0000022f86b132d0 flushing  nmethod 0x0000022f325a5410
Event: 1450.272 Thread 0x0000022f86b132d0 flushing  nmethod 0x0000022f325a6790
Event: 1450.272 Thread 0x0000022f86b132d0 flushing  nmethod 0x0000022f325eb910
Event: 1450.272 Thread 0x0000022f86b132d0 flushing osr nmethod 0x0000022f325ebf90
Event: 1450.272 Thread 0x0000022f86b132d0 flushing  nmethod 0x0000022f325f9410
Event: 1450.272 Thread 0x0000022f86b132d0 flushing  nmethod 0x0000022f32611290
Event: 1450.272 Thread 0x0000022f86b132d0 flushing  nmethod 0x0000022f32629990
Event: 1450.272 Thread 0x0000022f86b132d0 flushing  nmethod 0x0000022f3262d610
Event: 1450.272 Thread 0x0000022f86b132d0 flushing  nmethod 0x0000022f32649210
Event: 1450.272 Thread 0x0000022f86b132d0 flushing  nmethod 0x0000022f326dea90
Event: 1450.272 Thread 0x0000022f86b132d0 flushing  nmethod 0x0000022f32793710
Event: 1450.272 Thread 0x0000022f86b132d0 flushing  nmethod 0x0000022f327dd790
Event: 1450.272 Thread 0x0000022f86b132d0 flushing  nmethod 0x0000022f327ddb90
Event: 1450.272 Thread 0x0000022f86b132d0 flushing  nmethod 0x0000022f3281ee10
Event: 1450.272 Thread 0x0000022f86b132d0 flushing  nmethod 0x0000022f32820d10
Event: 1450.272 Thread 0x0000022f86b132d0 flushing  nmethod 0x0000022f328c4c10
Event: 1450.272 Thread 0x0000022f86b132d0 flushing  nmethod 0x0000022f3298f410
Event: 1450.272 Thread 0x0000022f86b132d0 flushing  nmethod 0x0000022f329a4790
Event: 1450.272 Thread 0x0000022f86b132d0 flushing  nmethod 0x0000022f329ad090
Event: 1450.272 Thread 0x0000022f86b132d0 flushing  nmethod 0x0000022f329b7a10

Events (20 events):
Event: 3131.450 Thread 0x0000022f905679d0 Thread added: 0x0000022f90564be0
Event: 3142.057 Thread 0x0000022f86b338e0 Thread added: 0x0000022f86d2c810
Event: 3142.119 Thread 0x0000022f90564be0 Thread added: 0x0000022f90566cb0
Event: 3142.171 Thread 0x0000022f90564be0 Thread added: 0x0000022f90567340
Event: 3147.219 Thread 0x0000022f86d2c810 Thread exited: 0x0000022f86d2c810
Event: 3202.209 Thread 0x0000022f90567340 Thread exited: 0x0000022f90567340
Event: 3202.224 Thread 0x0000022f90564be0 Thread exited: 0x0000022f90564be0
Event: 3227.235 Thread 0x0000022f905679d0 Thread added: 0x0000022f90567340
Event: 3265.140 Thread 0x0000022f90566620 Thread added: 0x0000022f90564be0
Event: 3265.162 Thread 0x0000022f90566620 Thread added: 0x0000022f8d55c530
Event: 3266.664 Thread 0x0000022f86b338e0 Thread added: 0x0000022f86d2d5b0
Event: 3269.148 Thread 0x0000022f86d2d5b0 Thread exited: 0x0000022f86d2d5b0
Event: 3303.855 Thread 0x0000022f86b2e4b0 Thread added: 0x0000022f86d2dc80
Event: 3303.855 Thread 0x0000022f86b2e4b0 Thread added: 0x0000022f86d2e350
Event: 3305.311 Thread 0x0000022f86d2e350 Thread exited: 0x0000022f86d2e350
Event: 3305.311 Thread 0x0000022f86d2dc80 Thread exited: 0x0000022f86d2dc80
Event: 3305.317 Thread 0x0000022f86b338e0 Thread added: 0x0000022f86d2c810
Event: 3308.927 Thread 0x0000022f86d2c810 Thread exited: 0x0000022f86d2c810
Event: 3312.706 Thread 0x0000022f920fd9f0 Thread added: 0x0000022f8d55df70
Event: 3315.066 Thread 0x0000022f90566620 Thread added: 0x0000022f8d55ec90


Dynamic libraries:
0x00007ff7c1fb0000 - 0x00007ff7c1fbe000 	c:\Users\Sam\.vscode\extensions\redhat.java-1.50.0-win32-x64\jre\21.0.9-win32-x86_64\bin\java.exe
0x00007ffc17600000 - 0x00007ffc17868000 	C:\WINDOWS\SYSTEM32\ntdll.dll
0x00007ffc16d10000 - 0x00007ffc16dd9000 	C:\WINDOWS\System32\KERNEL32.DLL
0x00007ffc14e60000 - 0x00007ffc15252000 	C:\WINDOWS\System32\KERNELBASE.dll
0x00007ffc14bb0000 - 0x00007ffc14cfb000 	C:\WINDOWS\System32\ucrtbase.dll
0x00007ffc07a00000 - 0x00007ffc07a1e000 	c:\Users\Sam\.vscode\extensions\redhat.java-1.50.0-win32-x64\jre\21.0.9-win32-x86_64\bin\VCRUNTIME140.dll
0x00007ffc07b20000 - 0x00007ffc07b38000 	c:\Users\Sam\.vscode\extensions\redhat.java-1.50.0-win32-x64\jre\21.0.9-win32-x86_64\bin\jli.dll
0x00007ffc173b0000 - 0x00007ffc17575000 	C:\WINDOWS\System32\USER32.dll
0x00007ffc14e30000 - 0x00007ffc14e57000 	C:\WINDOWS\System32\win32u.dll
0x00007ffc17250000 - 0x00007ffc1727b000 	C:\WINDOWS\System32\GDI32.dll
0x00007ffbff630000 - 0x00007ffbff8c3000 	C:\WINDOWS\WinSxS\amd64_microsoft.windows.common-controls_6595b64144ccf1df_6.0.26100.6899_none_3e0efeeae32e88c1\COMCTL32.dll
0x00007ffc14d00000 - 0x00007ffc14e2d000 	C:\WINDOWS\System32\gdi32full.dll
0x00007ffc16bb0000 - 0x00007ffc16c59000 	C:\WINDOWS\System32\msvcrt.dll
0x00007ffc14a60000 - 0x00007ffc14b03000 	C:\WINDOWS\System32\msvcp_win.dll
0x00007ffc171f0000 - 0x00007ffc1721f000 	C:\WINDOWS\System32\IMM32.DLL
0x00007ffc10670000 - 0x00007ffc1067c000 	c:\Users\Sam\.vscode\extensions\redhat.java-1.50.0-win32-x64\jre\21.0.9-win32-x86_64\bin\vcruntime140_1.dll
0x00007ffbea250000 - 0x00007ffbea2dd000 	c:\Users\Sam\.vscode\extensions\redhat.java-1.50.0-win32-x64\jre\21.0.9-win32-x86_64\bin\msvcp140.dll
0x00007ffb89780000 - 0x00007ffb8a520000 	c:\Users\Sam\.vscode\extensions\redhat.java-1.50.0-win32-x64\jre\21.0.9-win32-x86_64\bin\server\jvm.dll
0x00007ffc157f0000 - 0x00007ffc158a4000 	C:\WINDOWS\System32\ADVAPI32.dll
0x00007ffc16c60000 - 0x00007ffc16d06000 	C:\WINDOWS\System32\sechost.dll
0x00007ffc170d0000 - 0x00007ffc171e8000 	C:\WINDOWS\System32\RPCRT4.dll
0x00007ffc156e0000 - 0x00007ffc15754000 	C:\WINDOWS\System32\WS2_32.dll
0x00007ffc145d0000 - 0x00007ffc1462e000 	C:\WINDOWS\SYSTEM32\POWRPROF.dll
0x00007ffc085e0000 - 0x00007ffc085eb000 	C:\WINDOWS\SYSTEM32\VERSION.dll
0x00007ffc08a10000 - 0x00007ffc08a45000 	C:\WINDOWS\SYSTEM32\WINMM.dll
0x00007ffc145b0000 - 0x00007ffc145c4000 	C:\WINDOWS\SYSTEM32\UMPDC.dll
0x00007ffc134f0000 - 0x00007ffc1350b000 	C:\WINDOWS\SYSTEM32\kernel.appcore.dll
0x00007ffc0f890000 - 0x00007ffc0f89a000 	c:\Users\Sam\.vscode\extensions\redhat.java-1.50.0-win32-x64\jre\21.0.9-win32-x86_64\bin\jimage.dll
0x00007ffc11aa0000 - 0x00007ffc11ce2000 	C:\WINDOWS\SYSTEM32\DBGHELP.DLL
0x00007ffc15b50000 - 0x00007ffc15ecb000 	C:\WINDOWS\System32\combase.dll
0x00007ffc16e80000 - 0x00007ffc16f57000 	C:\WINDOWS\System32\OLEAUT32.dll
0x00007ffbfde90000 - 0x00007ffbfdecc000 	C:\WINDOWS\SYSTEM32\dbgcore.DLL
0x00007ffc14b10000 - 0x00007ffc14ba8000 	C:\WINDOWS\System32\bcryptPrimitives.dll
0x00007ffc0d8e0000 - 0x00007ffc0d8ef000 	c:\Users\Sam\.vscode\extensions\redhat.java-1.50.0-win32-x64\jre\21.0.9-win32-x86_64\bin\instrument.dll
0x00007ffc050a0000 - 0x00007ffc050c0000 	c:\Users\Sam\.vscode\extensions\redhat.java-1.50.0-win32-x64\jre\21.0.9-win32-x86_64\bin\java.dll
0x00007ffc15ed0000 - 0x00007ffc1661d000 	C:\WINDOWS\System32\SHELL32.dll
0x00007ffc15260000 - 0x00007ffc153cb000 	C:\WINDOWS\System32\wintypes.dll
0x00007ffc12210000 - 0x00007ffc12a6d000 	C:\WINDOWS\SYSTEM32\windows.storage.dll
0x00007ffc16620000 - 0x00007ffc16712000 	C:\WINDOWS\System32\SHCORE.dll
0x00007ffc16f60000 - 0x00007ffc16fc2000 	C:\WINDOWS\System32\shlwapi.dll
0x00007ffc14670000 - 0x00007ffc14699000 	C:\WINDOWS\SYSTEM32\profapi.dll
0x00007ffc04e30000 - 0x00007ffc04e48000 	c:\Users\Sam\.vscode\extensions\redhat.java-1.50.0-win32-x64\jre\21.0.9-win32-x86_64\bin\zip.dll
0x00007ffc0cc00000 - 0x00007ffc0cc10000 	C:\Users\Sam\.vscode\extensions\redhat.java-1.50.0-win32-x64\jre\21.0.9-win32-x86_64\bin\net.dll
0x00007ffc0cd70000 - 0x00007ffc0ce8f000 	C:\WINDOWS\SYSTEM32\WINHTTP.dll
0x00007ffc13a70000 - 0x00007ffc13adb000 	C:\WINDOWS\system32\mswsock.dll
0x00007ffbfff90000 - 0x00007ffbfffa6000 	C:\Users\Sam\.vscode\extensions\redhat.java-1.50.0-win32-x64\jre\21.0.9-win32-x86_64\bin\nio.dll
0x00007ffc0cb10000 - 0x00007ffc0cb20000 	c:\Users\Sam\.vscode\extensions\redhat.java-1.50.0-win32-x64\jre\21.0.9-win32-x86_64\bin\verify.dll
0x00007ffbe9ec0000 - 0x00007ffbe9f04000 	C:\Users\Sam\AppData\Roaming\Code\User\globalStorage\redhat.java\1.50.0\config_win\org.eclipse.equinox.launcher\org.eclipse.equinox.launcher.win32.win32.x86_64_1.2.1400.v20250801-0854\eclipse_11916.dll
0x00007ffc153d0000 - 0x00007ffc15568000 	C:\WINDOWS\System32\ole32.dll
0x00007ffc13d50000 - 0x00007ffc13d6b000 	C:\WINDOWS\SYSTEM32\CRYPTSP.dll
0x00007ffc13450000 - 0x00007ffc1348b000 	C:\WINDOWS\system32\rsaenh.dll
0x00007ffc13b30000 - 0x00007ffc13b5b000 	C:\WINDOWS\SYSTEM32\USERENV.dll
0x00007ffc14640000 - 0x00007ffc14666000 	C:\WINDOWS\SYSTEM32\bcrypt.dll
0x00007ffc13d40000 - 0x00007ffc13d4c000 	C:\WINDOWS\SYSTEM32\CRYPTBASE.dll
0x00007ffc13030000 - 0x00007ffc13064000 	C:\WINDOWS\SYSTEM32\IPHLPAPI.DLL
0x00007ffc17580000 - 0x00007ffc1758a000 	C:\WINDOWS\System32\NSI.dll
0x00007ffbe0200000 - 0x00007ffbe0249000 	C:\Users\Sam\AppData\Local\Temp\jna-82879\jna2660716754048170885.dll
0x00007ffc157e0000 - 0x00007ffc157e8000 	C:\WINDOWS\System32\PSAPI.DLL
0x00007ffc0d420000 - 0x00007ffc0d43e000 	C:\WINDOWS\SYSTEM32\dhcpcsvc6.DLL
0x00007ffc0d3f0000 - 0x00007ffc0d413000 	C:\WINDOWS\SYSTEM32\dhcpcsvc.DLL
0x00007ffc071a0000 - 0x00007ffc071ae000 	C:\Users\Sam\.vscode\extensions\redhat.java-1.50.0-win32-x64\jre\21.0.9-win32-x86_64\bin\sunmscapi.dll
0x00007ffc14820000 - 0x00007ffc14997000 	C:\WINDOWS\System32\CRYPT32.dll
0x00007ffc13f60000 - 0x00007ffc13f90000 	C:\WINDOWS\SYSTEM32\ncrypt.dll
0x00007ffc13f10000 - 0x00007ffc13f4f000 	C:\WINDOWS\SYSTEM32\NTASN1.dll
0x00007ffc06680000 - 0x00007ffc06689000 	C:\Users\Sam\.vscode\extensions\redhat.java-1.50.0-win32-x64\jre\21.0.9-win32-x86_64\bin\extnet.dll

JVMTI agents:
c:\Users\Sam\.vscode\extensions\redhat.java-1.50.0-win32-x64\lombok\lombok-1.18.39-4050.jar path:c:\Users\Sam\.vscode\extensions\redhat.java-1.50.0-win32-x64\jre\21.0.9-win32-x86_64\bin\instrument.dll, loaded, initialized, instrumentlib options:none

dbghelp: loaded successfully - version: 4.0.5 - missing functions: none
symbol engine: initialized successfully - sym options: 0x614 - pdb path: .;c:\Users\Sam\.vscode\extensions\redhat.java-1.50.0-win32-x64\jre\21.0.9-win32-x86_64\bin;C:\WINDOWS\SYSTEM32;C:\WINDOWS\WinSxS\amd64_microsoft.windows.common-controls_6595b64144ccf1df_6.0.26100.6899_none_3e0efeeae32e88c1;c:\Users\Sam\.vscode\extensions\redhat.java-1.50.0-win32-x64\jre\21.0.9-win32-x86_64\bin\server;C:\Users\Sam\AppData\Roaming\Code\User\globalStorage\redhat.java\1.50.0\config_win\org.eclipse.equinox.launcher\org.eclipse.equinox.launcher.win32.win32.x86_64_1.2.1400.v20250801-0854;C:\Users\Sam\AppData\Local\Temp\jna-82879

VM Arguments:
jvm_args: --add-modules=ALL-SYSTEM --add-opens=java.base/java.util=ALL-UNNAMED --add-opens=java.base/java.lang=ALL-UNNAMED --add-opens=java.base/sun.nio.fs=ALL-UNNAMED -Declipse.application=org.eclipse.jdt.ls.core.id1 -Dosgi.bundles.defaultStartLevel=4 -Declipse.product=org.eclipse.jdt.ls.core.product -Djava.import.generatesMetadataFilesAtProjectRoot=false -DDetectVMInstallationsJob.disabled=true -Dfile.encoding=utf8 -XX:+UseParallelGC -XX:GCTimeRatio=4 -XX:AdaptiveSizePolicyWeight=90 -Dsun.zip.disableMemoryMapping=true -Xmx2G -Xms100m -Xlog:disable -javaagent:c:\Users\Sam\.vscode\extensions\redhat.java-1.50.0-win32-x64\lombok\lombok-1.18.39-4050.jar -XX:+HeapDumpOnOutOfMemoryError -XX:HeapDumpPath=c:\Users\Sam\AppData\Roaming\Code\User\workspaceStorage\666e61806362c649f3c65ff663b5aed7\redhat.java -Daether.dependencyCollector.impl=bf 
java_command: c:\Users\Sam\.vscode\extensions\redhat.java-1.50.0-win32-x64\server\plugins\org.eclipse.equinox.launcher_1.7.100.v20251111-0406.jar -configuration c:\Users\Sam\AppData\Roaming\Code\User\globalStorage\redhat.java\1.50.0\config_win -data c:\Users\Sam\AppData\Roaming\Code\User\workspaceStorage\666e61806362c649f3c65ff663b5aed7\redhat.java\jdt_ws --pipe=\\.\pipe\lsp-74b5863336dd385f180fa7d294e6ebb7-sock
java_class_path (initial): c:\Users\Sam\.vscode\extensions\redhat.java-1.50.0-win32-x64\server\plugins\org.eclipse.equinox.launcher_1.7.100.v20251111-0406.jar
Launcher Type: SUN_STANDARD

[Global flags]
    uintx AdaptiveSizePolicyWeight                 = 90                                        {product} {command line}
     intx CICompilerCount                          = 12                                        {product} {ergonomic}
    uintx GCTimeRatio                              = 4                                         {product} {command line}
     bool HeapDumpOnOutOfMemoryError               = true                                   {manageable} {command line}
    ccstr HeapDumpPath                             = c:\Users\Sam\AppData\Roaming\Code\User\workspaceStorage\666e61806362c649f3c65ff663b5aed7\redhat.java         {manageable} {command line}
   size_t InitialHeapSize                          = 104857600                                 {product} {command line}
   size_t MaxHeapSize                              = 2147483648                                {product} {command line}
   size_t MaxNewSize                               = 715653120                                 {product} {ergonomic}
   size_t MinHeapDeltaBytes                        = 524288                                    {product} {ergonomic}
   size_t MinHeapSize                              = 104857600                                 {product} {command line}
   size_t NewSize                                  = 34603008                                  {product} {ergonomic}
    uintx NonNMethodCodeHeapSize                   = 7602480                                {pd product} {ergonomic}
    uintx NonProfiledCodeHeapSize                  = 122027880                              {pd product} {ergonomic}
   size_t OldSize                                  = 70254592                                  {product} {ergonomic}
    uintx ProfiledCodeHeapSize                     = 122027880                              {pd product} {ergonomic}
    uintx ReservedCodeCacheSize                    = 251658240                              {pd product} {ergonomic}
     bool SegmentedCodeCache                       = true                                      {product} {ergonomic}
   size_t SoftMaxHeapSize                          = 2147483648                             {manageable} {ergonomic}
     bool UseCompressedOops                        = true                           {product lp64_product} {ergonomic}
     bool UseLargePagesIndividualAllocation        = false                                  {pd product} {ergonomic}
     bool UseParallelGC                            = true                                      {product} {command line}

Logging:
Log output configuration:
 #0: stdout all=off uptime,level,tags foldmultilines=false
 #1: stderr all=off uptime,level,tags foldmultilines=false

Release file:
JAVA_VERSION="21.0.9" 
MODULES="java.base java.compiler java.datatransfer java.xml java.prefs java.desktop java.instrument java.logging java.management java.security.sasl java.naming java.rmi java.management.rmi java.net.http java.scripting java.security.jgss java.transaction.xa java.sql java.sql.rowset java.xml.crypto java.se java.smartcardio jdk.accessibility jdk.internal.jvmstat jdk.attach jdk.charsets jdk.internal.opt jdk.zipfs jdk.compiler jdk.crypto.ec jdk.crypto.cryptoki jdk.crypto.mscapi jdk.dynalink jdk.internal.ed jdk.editpad jdk.hotspot.agent jdk.httpserver jdk.internal.le jdk.internal.vm.ci jdk.internal.vm.compiler jdk.internal.vm.compiler.management jdk.jartool jdk.javadoc jdk.jcmd jdk.management jdk.management.agent jdk.jconsole jdk.jdeps jdk.jdwp.agent jdk.jdi jdk.jfr jdk.jshell jdk.jsobject jdk.jstatd jdk.localedata jdk.management.jfr jdk.naming.dns jdk.naming.rmi jdk.net jdk.nio.mapmode jdk.random jdk.sctp jdk.security.auth jdk.security.jgss jdk.unsupported jdk.unsupported.desktop jdk.xml.dom" 

Environment Variables:
JAVA_HOME=D:\JDK
PATH=C:\Program Files (x86)\Common Files\MVS\Runtime\Win32_i86;C:\Program Files (x86)\Common Files\MVS\Runtime\Win64_x64;D:\VMware\bin\;C:\WINDOWS\system32;C:\WINDOWS;C:\WINDOWS\System32\Wbem;C:\WINDOWS\System32\WindowsPowerShell\v1.0\;C:\WINDOWS\System32\OpenSSH\;C:\Program Files\Google\Chrome\Application;D:\Xshell\;E:\Bigdata\hadoop\hadoop-3.1.0\bin;C:\Program Files\dotnet\;D:\JDK\bin;D:\JDK\jre\bin;D:\node\nvm;C:\Program Files\nodejs;D:\node\nvm;D:\Tencent\web\dll;C:\Pro;ram Files (x86)\dotnet\;D:\\halcon\bin\x64-win64;D:\Git\cmd;D:\Python\Scripts\;D:\Python\;C:\Users\Sam\AppData\Local\Microsoft\WindowsApps;D:\Microsoft VS Code\bin;D:\node\nvm;C:\Program Files\nodejs;C:\Users\Sam\AppData\Local\GitHubDesktop\bin;
USERNAME=Sam
OS=Windows_NT
PROCESSOR_IDENTIFIER=AMD64 Family 25 Model 68 Stepping 1, AuthenticAMD
TMP=C:\Users\Sam\AppData\Local\Temp
TEMP=C:\Users\Sam\AppData\Local\Temp




Periodic native trim disabled

---------------  S Y S T E M  ---------------

OS:
 Windows 11 , 64 bit Build 26100 (10.0.26100.6725)
OS uptime: 21 days 8:06 hours
Hyper-V role detected

CPU: total 16 (initial active 16) (16 cores per cpu, 2 threads per core) family 25 model 68 stepping 1 microcode 0xa404105, cx8, cmov, fxsr, ht, mmx, 3dnowpref, sse, sse2, sse3, ssse3, sse4a, sse4.1, sse4.2, popcnt, lzcnt, tsc, tscinvbit, avx, avx2, aes, erms, clmul, bmi1, bmi2, adx, sha, fma, vzeroupper, clflush, clflushopt, hv, rdtscp, rdpid, fsrm, f16c, cet_ss
Processor Information for the first 16 processors :
  Max Mhz: 3201, Current Mhz: 3201, Mhz Limit: 3201

Memory: 4k page, system-wide physical 14020M (1060M free)
TotalPageFile size 31941M (AvailPageFile size 27M)
current process WorkingSet (physical memory assigned to process): 983M, peak: 1041M
current process commit charge ("private bytes"): 1268M, peak: 1269M

vm_info: OpenJDK 64-Bit Server VM (21.0.9+10-LTS) for windows-amd64 JRE (21.0.9+10-LTS), built on 2025-10-21T00:00:00Z by "admin" with unknown MS VC++:1942

END.
